2022-02-11 17:29:30,824 INFO Coin - OCEAN, route - BUY, price - 0.64
2022-02-11 17:49:42,443 INFO ALREADY REACHED 15.0% on OCEANUSDT
2022-02-11 18:02:15,487 INFO ALREADY REACHED 30.0% on OCEANUSDT
2022-02-11 18:17:10,231 INFO CLOSED BY STOP-LOSS on OCEANUSDT. PROFIT 15.63%
2022-02-11 18:29:12,647 INFO Coin - EGLD, route - BUY, price - 198.39
2022-02-11 18:29:46,597 INFO ALREADY REACHED 15.0% on EGLDUSDT
2022-02-11 18:29:47,935 INFO ALREADY REACHED 30.0% on EGLDUSDT
2022-02-11 18:30:07,034 INFO ALREADY REACHED 45.0% on EGLDUSDT
2022-02-11 18:30:11,735 INFO ALREADY REACHED 60.0% on EGLDUSDT
2022-02-11 18:30:16,867 INFO CLOSED BY STOP-LOSS on EGLDUSDT. PROFIT 40.07%
2022-02-11 18:44:40,901 INFO Coin - OGN, route - BUY, price - 0.44
2022-02-11 18:46:49,044 INFO ALREADY REACHED 15.0% on OGNUSDT
2022-02-11 18:47:05,247 INFO CLOSED BY STOP-LOSS on OGNUSDT. PROFIT 0.0%
2022-02-11 20:59:06,276 INFO Coin - CHZ, route - BUY, price - 0.233
2022-02-11 21:01:42,514 INFO CLOSED BY STOP-LOSS on CHZUSDT. PROFIT -32.19%
2022-02-11 21:59:36,357 INFO Coin - SFP, route - SELL, price - 0.867
2022-02-11 22:12:48,022 INFO CLOSED BY STOP-LOSS on SFPUSDT. PROFIT -11.48%
2022-02-11 22:44:40,641 INFO Coin - BAND, route - BUY, price - 4.315
2022-02-11 22:44:47,724 INFO CLOSED BY STOP-LOSS on BANDUSDT. PROFIT -24.91%
2022-02-11 22:59:34,881 INFO Coin - BAND, route - SELL, price - 4.183
2022-02-11 23:02:15,250 INFO ALREADY REACHED 15.09% on BANDUSDT
2022-02-11 23:08:47,477 INFO CLOSED BY STOP-LOSS on BANDUSDT. PROFIT -0.6%
2022-02-12 11:44:10,987 INFO Coin - DOT, route - SELL, price - 18.318
2022-02-12 11:44:14,466 INFO Coin - ENJ, route - SELL, price - 1.761
2022-02-12 11:44:16,539 INFO Coin - EOS, route - SELL, price - 2.345
2022-02-12 11:44:19,383 INFO Coin - FIL, route - SELL, price - 20.433
2022-02-12 11:44:24,527 INFO Coin - LINK, route - SELL, price - 15.665
2022-02-12 11:44:28,690 INFO Coin - MATIC, route - SELL, price - 1.653
2022-02-12 11:44:36,695 INFO Coin - TRX, route - SELL, price - 0.062
2022-02-12 11:44:42,113 INFO Coin - XMR, route - SELL, price - 164.4
2022-02-12 11:44:48,463 INFO Coin - SFP, route - SELL, price - 0.768
2022-02-12 11:44:53,909 INFO Coin - ZIL, route - SELL, price - 0.047
2022-02-12 11:44:55,989 INFO Coin - HOT, route - SELL, price - 0.005
2022-02-12 11:46:11,984 INFO ALREADY REACHED 15.09% on MATICUSDT
2022-02-12 11:47:16,154 INFO CLOSED BY STOP-LOSS on MATICUSDT. PROFIT 1.51%
2022-02-12 11:47:20,886 INFO CLOSED BY STOP-LOSS on DOTUSDT. PROFIT -15.6%
2022-02-12 11:48:52,160 INFO CLOSED BY STOP-LOSS on EOSUSDT. PROFIT -15.89%
2022-02-12 11:49:00,257 INFO CLOSED BY STOP-LOSS on LINKUSDT. PROFIT -15.23%
2022-02-12 11:49:03,744 INFO CLOSED BY STOP-LOSS on ENJUSDT. PROFIT -15.52%
2022-02-12 11:49:16,948 INFO CLOSED BY STOP-LOSS on FILUSDT. PROFIT -17.37%
2022-02-12 11:51:54,190 INFO CLOSED BY STOP-LOSS on SFPUSDT. PROFIT -16.17%
2022-02-12 11:51:56,738 INFO CLOSED BY STOP-LOSS on TRXUSDT. PROFIT -39.68%
2022-02-12 11:53:42,621 INFO CLOSED BY STOP-LOSS on XMRUSDT. PROFIT -17.82%
2022-02-12 11:53:59,974 INFO CLOSED BY STOP-LOSS on ZILUSDT. PROFIT -52.08%
2022-02-12 12:44:17,334 INFO Coin - KAVA, route - SELL, price - 3.265
2022-02-12 12:53:20,493 INFO CLOSED BY STOP-LOSS on KAVAUSDT. PROFIT -20.5%
2022-02-12 22:59:28,224 INFO Coin - DENT, route - BUY, price - 0.003
2022-02-14 21:59:08,458 INFO Coin - EGLD, route - BUY, price - 190.87
2022-02-14 22:29:27,290 INFO Coin - SFP, route - SELL, price - 0.792
2022-02-14 22:44:43,858 INFO ALREADY REACHED 15.09% on SFPUSDT
2022-02-14 22:50:54,659 INFO CLOSED BY STOP-LOSS on SFPUSDT. PROFIT 0.0%
2022-02-15 15:08:49,037 INFO ALREADY REACHED 15.0% on EGLDUSDT
2022-02-15 15:08:50,789 INFO ALREADY REACHED 30.0% on EGLDUSDT
2022-02-15 15:08:53,335 INFO ALREADY REACHED 45.0% on EGLDUSDT
2022-02-15 15:08:56,103 INFO ALREADY REACHED 60.0% on EGLDUSDT
2022-02-15 15:14:31,560 INFO Coin - C98, route - BUY, price - 1.79
2022-02-15 15:17:35,990 INFO ALREADY REACHED 15.0% on C98USDT
2022-02-15 15:19:42,906 INFO ALREADY REACHED 75.0% on EGLDUSDT
2022-02-15 15:31:12,665 INFO ALREADY REACHED 90.0% on EGLDUSDT
2022-02-15 15:32:40,857 INFO CLOSED BY STOP-LOSS on C98USDT. PROFIT 0.0%
2022-02-15 15:42:04,523 INFO ALREADY REACHED 105.0% on EGLDUSDT
2022-02-15 16:09:59,362 INFO CLOSED BY STOP-LOSS on EGLDUSDT. PROFIT 89.98%
2022-02-15 19:14:04,519 INFO Coin - CHZ, route - BUY, price - 0.219
2022-02-15 19:15:25,912 INFO ALREADY REACHED 15.0% on CHZUSDT
2022-02-15 19:17:01,337 INFO ALREADY REACHED 30.0% on CHZUSDT
2022-02-15 19:17:47,696 INFO CLOSED BY STOP-LOSS on CHZUSDT. PROFIT 11.42%
2022-02-15 19:29:12,726 INFO Coin - FIL, route - BUY, price - 21.718
2022-02-15 19:33:34,426 INFO ALREADY REACHED 15.0% on FILUSDT
2022-02-15 20:14:28,641 INFO Coin - C98, route - BUY, price - 1.828
2022-02-15 20:16:52,254 INFO ALREADY REACHED 15.0% on C98USDT
2022-02-15 20:19:44,623 INFO CLOSED BY STOP-LOSS on C98USDT. PROFIT -2.74%
2022-02-15 20:20:07,171 INFO CLOSED BY STOP-LOSS on FILUSDT. PROFIT 0.0%
2022-02-15 21:14:23,358 INFO Coin - WAVES, route - BUY, price - 10.365
2022-02-15 23:44:33,252 INFO Coin - TRB, route - BUY, price - 23.39
2022-02-16 00:29:31,906 INFO Coin - ZIL, route - BUY, price - 0.051
2022-02-16 00:35:24,968 INFO ALREADY REACHED 15.0% on WAVESUSDT
2022-02-16 00:36:40,743 INFO ALREADY REACHED 30.0% on WAVESUSDT
2022-02-16 00:38:06,653 INFO CLOSED BY STOP-LOSS on WAVESUSDT. PROFIT 11.82%
2022-02-16 00:40:10,737 INFO CLOSED BY STOP-LOSS on ZILUSDT. PROFIT -49.02%
2022-02-16 00:44:22,208 INFO Coin - WAVES, route - BUY, price - 10.424
2022-02-16 00:56:14,147 INFO CLOSED BY STOP-LOSS on WAVESUSDT. PROFIT -41.01%
2022-02-16 23:10:41,914 INFO ALREADY REACHED 15.0% on TRBUSDT
2022-02-16 23:10:43,390 INFO ALREADY REACHED 30.0% on TRBUSDT
2022-02-16 23:26:33,912 INFO CLOSED BY STOP-LOSS on TRBUSDT. PROFIT 23.51%
2022-02-17 22:59:13,222 INFO Coin - FIL, route - SELL, price - 21.68
2022-02-17 23:04:41,155 INFO ALREADY REACHED 15.09% on FILUSDT
2022-02-17 23:08:14,126 INFO ALREADY REACHED 30.36% on FILUSDT
2022-02-17 23:09:05,609 INFO ALREADY REACHED 45.82% on FILUSDT
2022-02-17 23:16:28,327 INFO ALREADY REACHED 61.48% on FILUSDT
2022-02-17 23:16:55,267 INFO ALREADY REACHED 77.32% on FILUSDT
2022-02-17 23:17:13,856 INFO CLOSED BY STOP-LOSS on FILUSDT. PROFIT 77.27%
2022-02-17 23:29:01,237 INFO Coin - 1INCH, route - SELL, price - 1.678
2022-02-17 23:29:06,289 INFO Coin - AXS, route - SELL, price - 56.47
2022-02-17 23:29:10,690 INFO Coin - DOGE, route - SELL, price - 0.14
2022-02-17 23:29:13,020 INFO Coin - EGLD, route - SELL, price - 173.5
2022-02-17 23:29:15,332 INFO Coin - EOS, route - SELL, price - 2.352
2022-02-17 23:29:16,910 INFO Coin - ETC, route - SELL, price - 29.674
2022-02-17 23:29:22,107 INFO Coin - LTC, route - SELL, price - 118.14
2022-02-17 23:29:24,376 INFO Coin - ONE, route - SELL, price - 0.177
2022-02-17 23:29:27,452 INFO Coin - SXP, route - SELL, price - 1.353
2022-02-17 23:29:29,754 INFO Coin - TRX, route - SELL, price - 0.063
2022-02-17 23:29:39,328 INFO Coin - IOTX, route - SELL, price - 0.087
2022-02-17 23:37:54,500 INFO ALREADY REACHED 15.09% on ONEUSDT
2022-02-17 23:39:27,094 INFO CLOSED BY STOP-LOSS on ONEUSDT. PROFIT 0.0%
2022-02-17 23:49:39,064 INFO CLOSED BY STOP-LOSS on AXSUSDT. PROFIT -39.65%
2022-02-17 23:51:32,116 INFO CLOSED BY STOP-LOSS on EGLDUSDT. PROFIT -39.84%
2022-02-17 23:53:52,019 INFO CLOSED BY STOP-LOSS on IOTXUSDT. PROFIT -56.18%
